[24-Nov-2021 09:35:01] NOTICE: fpm is running, pid 183683
[24-Nov-2021 09:35:01] NOTICE: ready to handle connections
[24-Nov-2021 09:39:24] ERROR: Another FPM instance seems to already listen on /home/user/.config/Local/run/1khi9DRda/php/php-fpm.socket
[24-Nov-2021 09:39:24] ERROR: FPM initialization failed
[24-Nov-2021 09:39:25] ERROR: Another FPM instance seems to already listen on /home/user/.config/Local/run/1khi9DRda/php/php-fpm.socket
[24-Nov-2021 09:39:25] ERROR: FPM initialization failed
[24-Nov-2021 09:39:25] ERROR: Another FPM instance seems to already listen on /home/user/.config/Local/run/1khi9DRda/php/php-fpm.socket
[24-Nov-2021 09:39:25] ERROR: FPM initialization failed
[24-Nov-2021 09:39:26] ERROR: Another FPM instance seems to already listen on /home/user/.config/Local/run/1khi9DRda/php/php-fpm.socket
[24-Nov-2021 09:39:26] ERROR: FPM initialization failed
[24-Nov-2021 09:40:10] ERROR: Another FPM instance seems to already listen on /home/user/.config/Local/run/1khi9DRda/php/php-fpm.socket
[24-Nov-2021 09:40:10] ERROR: FPM initialization failed
[24-Nov-2021 09:40:10] ERROR: Another FPM instance seems to already listen on /home/user/.config/Local/run/1khi9DRda/php/php-fpm.socket
[24-Nov-2021 09:40:10] ERROR: FPM initialization failed
[24-Nov-2021 09:40:11] ERROR: Another FPM instance seems to already listen on /home/user/.config/Local/run/1khi9DRda/php/php-fpm.socket
[24-Nov-2021 09:40:11] ERROR: FPM initialization failed
[24-Nov-2021 09:40:11] ERROR: Another FPM instance seems to already listen on /home/user/.config/Local/run/1khi9DRda/php/php-fpm.socket
[24-Nov-2021 09:40:11] ERROR: FPM initialization failed
[24-Nov-2021 12:54:09] ERROR: Another FPM instance seems to already listen on /home/user/.config/Local/run/1khi9DRda/php/php-fpm.socket
[24-Nov-2021 12:54:09] ERROR: FPM initialization failed
[24-Nov-2021 12:54:09] ERROR: Another FPM instance seems to already listen on /home/user/.config/Local/run/1khi9DRda/php/php-fpm.socket
[24-Nov-2021 12:54:09] ERROR: FPM initialization failed
[24-Nov-2021 12:54:10] ERROR: Another FPM instance seems to already listen on /home/user/.config/Local/run/1khi9DRda/php/php-fpm.socket
[24-Nov-2021 12:54:10] ERROR: FPM initialization failed
[24-Nov-2021 12:54:10] ERROR: Another FPM instance seems to already listen on /home/user/.config/Local/run/1khi9DRda/php/php-fpm.socket
[24-Nov-2021 12:54:10] ERROR: FPM initialization failed
[24-Nov-2021 13:20:41] NOTICE: Terminating ...
[24-Nov-2021 13:20:41] NOTICE: exiting, bye-bye!
[26-Nov-2021 15:50:54] NOTICE: fpm is running, pid 20009
[26-Nov-2021 15:50:54] NOTICE: ready to handle connections
[26-Nov-2021 17:23:06] ERROR: Another FPM instance seems to already listen on /home/user/.config/Local/run/1khi9DRda/php/php-fpm.socket
[26-Nov-2021 17:23:06] ERROR: FPM initialization failed
[26-Nov-2021 17:23:07] ERROR: Another FPM instance seems to already listen on /home/user/.config/Local/run/1khi9DRda/php/php-fpm.socket
[26-Nov-2021 17:23:07] ERROR: FPM initialization failed
[26-Nov-2021 17:23:08] ERROR: Another FPM instance seems to already listen on /home/user/.config/Local/run/1khi9DRda/php/php-fpm.socket
[26-Nov-2021 17:23:08] ERROR: FPM initialization failed
[26-Nov-2021 17:23:08] ERROR: Another FPM instance seems to already listen on /home/user/.config/Local/run/1khi9DRda/php/php-fpm.socket
[26-Nov-2021 17:23:08] ERROR: FPM initialization failed
[27-Nov-2021 07:46:48] ERROR: Another FPM instance seems to already listen on /home/user/.config/Local/run/1khi9DRda/php/php-fpm.socket
[27-Nov-2021 07:46:48] ERROR: FPM initialization failed
[27-Nov-2021 07:46:49] ERROR: Another FPM instance seems to already listen on /home/user/.config/Local/run/1khi9DRda/php/php-fpm.socket
[27-Nov-2021 07:46:49] ERROR: FPM initialization failed
[27-Nov-2021 07:46:50] ERROR: Another FPM instance seems to already listen on /home/user/.config/Local/run/1khi9DRda/php/php-fpm.socket
[27-Nov-2021 07:46:50] ERROR: FPM initialization failed
[27-Nov-2021 07:46:50] ERROR: Another FPM instance seems to already listen on /home/user/.config/Local/run/1khi9DRda/php/php-fpm.socket
[27-Nov-2021 07:46:50] ERROR: FPM initialization failed
[27-Nov-2021 08:27:51] ERROR: Another FPM instance seems to already listen on /home/user/.config/Local/run/1khi9DRda/php/php-fpm.socket
[27-Nov-2021 08:27:51] ERROR: FPM initialization failed
[27-Nov-2021 08:27:52] ERROR: Another FPM instance seems to already listen on /home/user/.config/Local/run/1khi9DRda/php/php-fpm.socket
[27-Nov-2021 08:27:52] ERROR: FPM initialization failed
[27-Nov-2021 08:27:52] ERROR: Another FPM instance seems to already listen on /home/user/.config/Local/run/1khi9DRda/php/php-fpm.socket
[27-Nov-2021 08:27:52] ERROR: FPM initialization failed
[27-Nov-2021 08:27:53] ERROR: Another FPM instance seems to already listen on /home/user/.config/Local/run/1khi9DRda/php/php-fpm.socket
[27-Nov-2021 08:27:53] ERROR: FPM initialization failed
[27-Nov-2021 08:32:04] ERROR: Another FPM instance seems to already listen on /home/user/.config/Local/run/1khi9DRda/php/php-fpm.socket
[27-Nov-2021 08:32:04] ERROR: FPM initialization failed
[27-Nov-2021 08:32:04] ERROR: Another FPM instance seems to already listen on /home/user/.config/Local/run/1khi9DRda/php/php-fpm.socket
[27-Nov-2021 08:32:04] ERROR: FPM initialization failed
[27-Nov-2021 08:32:05] ERROR: Another FPM instance seems to already listen on /home/user/.config/Local/run/1khi9DRda/php/php-fpm.socket
[27-Nov-2021 08:32:05] ERROR: FPM initialization failed
[27-Nov-2021 08:32:05] ERROR: Another FPM instance seems to already listen on /home/user/.config/Local/run/1khi9DRda/php/php-fpm.socket
[27-Nov-2021 08:32:05] ERROR: FPM initialization failed
[27-Nov-2021 08:35:12] ERROR: Another FPM instance seems to already listen on /home/user/.config/Local/run/1khi9DRda/php/php-fpm.socket
[27-Nov-2021 08:35:12] ERROR: FPM initialization failed
[27-Nov-2021 08:35:12] ERROR: Another FPM instance seems to already listen on /home/user/.config/Local/run/1khi9DRda/php/php-fpm.socket
[27-Nov-2021 08:35:12] ERROR: FPM initialization failed
[27-Nov-2021 08:35:13] ERROR: Another FPM instance seems to already listen on /home/user/.config/Local/run/1khi9DRda/php/php-fpm.socket
[27-Nov-2021 08:35:13] ERROR: FPM initialization failed
[27-Nov-2021 08:35:13] ERROR: Another FPM instance seems to already listen on /home/user/.config/Local/run/1khi9DRda/php/php-fpm.socket
[27-Nov-2021 08:35:13] ERROR: FPM initialization failed
[27-Nov-2021 08:37:40] NOTICE: Terminating ...
[27-Nov-2021 08:37:40] NOTICE: exiting, bye-bye!
[27-Nov-2021 08:39:56] NOTICE: fpm is running, pid 3968
[27-Nov-2021 08:39:56] NOTICE: ready to handle connections
[27-Nov-2021 08:46:00] ERROR: Another FPM instance seems to already listen on /home/user/.config/Local/run/1khi9DRda/php/php-fpm.socket
[27-Nov-2021 08:46:00] ERROR: FPM initialization failed
[27-Nov-2021 08:46:00] ERROR: Another FPM instance seems to already listen on /home/user/.config/Local/run/1khi9DRda/php/php-fpm.socket
[27-Nov-2021 08:46:00] ERROR: FPM initialization failed
[27-Nov-2021 08:46:01] ERROR: Another FPM instance seems to already listen on /home/user/.config/Local/run/1khi9DRda/php/php-fpm.socket
[27-Nov-2021 08:46:01] ERROR: FPM initialization failed
[27-Nov-2021 08:46:02] ERROR: Another FPM instance seems to already listen on /home/user/.config/Local/run/1khi9DRda/php/php-fpm.socket
[27-Nov-2021 08:46:02] ERROR: FPM initialization failed
[28-Nov-2021 08:32:13] ERROR: Another FPM instance seems to already listen on /home/user/.config/Local/run/1khi9DRda/php/php-fpm.socket
[28-Nov-2021 08:32:13] ERROR: FPM initialization failed
[28-Nov-2021 08:32:13] ERROR: Another FPM instance seems to already listen on /home/user/.config/Local/run/1khi9DRda/php/php-fpm.socket
[28-Nov-2021 08:32:13] ERROR: FPM initialization failed
[28-Nov-2021 08:32:14] ERROR: Another FPM instance seems to already listen on /home/user/.config/Local/run/1khi9DRda/php/php-fpm.socket
[28-Nov-2021 08:32:14] ERROR: FPM initialization failed
[28-Nov-2021 08:32:14] ERROR: Another FPM instance seems to already listen on /home/user/.config/Local/run/1khi9DRda/php/php-fpm.socket
[28-Nov-2021 08:32:14] ERROR: FPM initialization failed
[29-Nov-2021 11:17:37] NOTICE: fpm is running, pid 26121
[29-Nov-2021 11:17:37] NOTICE: ready to handle connections
[30-Nov-2021 08:03:36] ERROR: Another FPM instance seems to already listen on /home/user/.config/Local/run/1khi9DRda/php/php-fpm.socket
[30-Nov-2021 08:03:36] ERROR: FPM initialization failed
[30-Nov-2021 08:03:36] ERROR: Another FPM instance seems to already listen on /home/user/.config/Local/run/1khi9DRda/php/php-fpm.socket
[30-Nov-2021 08:03:36] ERROR: FPM initialization failed
[30-Nov-2021 08:03:37] ERROR: Another FPM instance seems to already listen on /home/user/.config/Local/run/1khi9DRda/php/php-fpm.socket
[30-Nov-2021 08:03:37] ERROR: FPM initialization failed
[30-Nov-2021 08:03:37] ERROR: Another FPM instance seems to already listen on /home/user/.config/Local/run/1khi9DRda/php/php-fpm.socket
[30-Nov-2021 08:03:37] ERROR: FPM initialization failed
[30-Nov-2021 08:46:44] ERROR: Another FPM instance seems to already listen on /home/user/.config/Local/run/1khi9DRda/php/php-fpm.socket
[30-Nov-2021 08:46:44] ERROR: FPM initialization failed
[30-Nov-2021 08:46:44] ERROR: Another FPM instance seems to already listen on /home/user/.config/Local/run/1khi9DRda/php/php-fpm.socket
[30-Nov-2021 08:46:44] ERROR: FPM initialization failed
[30-Nov-2021 08:46:45] ERROR: Another FPM instance seems to already listen on /home/user/.config/Local/run/1khi9DRda/php/php-fpm.socket
[30-Nov-2021 08:46:45] ERROR: FPM initialization failed
[30-Nov-2021 08:46:46] ERROR: Another FPM instance seems to already listen on /home/user/.config/Local/run/1khi9DRda/php/php-fpm.socket
[30-Nov-2021 08:46:46] ERROR: FPM initialization failed
[30-Nov-2021 13:50:04] ERROR: Another FPM instance seems to already listen on /home/user/.config/Local/run/1khi9DRda/php/php-fpm.socket
[30-Nov-2021 13:50:04] ERROR: FPM initialization failed
[30-Nov-2021 13:50:05] ERROR: Another FPM instance seems to already listen on /home/user/.config/Local/run/1khi9DRda/php/php-fpm.socket
[30-Nov-2021 13:50:05] ERROR: FPM initialization failed
[30-Nov-2021 13:50:05] ERROR: Another FPM instance seems to already listen on /home/user/.config/Local/run/1khi9DRda/php/php-fpm.socket
[30-Nov-2021 13:50:05] ERROR: FPM initialization failed
[30-Nov-2021 13:50:06] ERROR: Another FPM instance seems to already listen on /home/user/.config/Local/run/1khi9DRda/php/php-fpm.socket
[30-Nov-2021 13:50:06] ERROR: FPM initialization failed
[01-Dec-2021 11:43:00] ERROR: Another FPM instance seems to already listen on /home/user/.config/Local/run/1khi9DRda/php/php-fpm.socket
[01-Dec-2021 11:43:00] ERROR: FPM initialization failed
[01-Dec-2021 11:43:01] ERROR: Another FPM instance seems to already listen on /home/user/.config/Local/run/1khi9DRda/php/php-fpm.socket
[01-Dec-2021 11:43:01] ERROR: FPM initialization failed
[01-Dec-2021 11:43:01] ERROR: Another FPM instance seems to already listen on /home/user/.config/Local/run/1khi9DRda/php/php-fpm.socket
[01-Dec-2021 11:43:01] ERROR: FPM initialization failed
[01-Dec-2021 11:43:02] ERROR: Another FPM instance seems to already listen on /home/user/.config/Local/run/1khi9DRda/php/php-fpm.socket
[01-Dec-2021 11:43:02] ERROR: FPM initialization failed
[02-Dec-2021 10:24:21] ERROR: Another FPM instance seems to already listen on /home/user/.config/Local/run/1khi9DRda/php/php-fpm.socket
[02-Dec-2021 10:24:21] ERROR: FPM initialization failed
[02-Dec-2021 10:24:22] ERROR: Another FPM instance seems to already listen on /home/user/.config/Local/run/1khi9DRda/php/php-fpm.socket
[02-Dec-2021 10:24:22] ERROR: FPM initialization failed
[02-Dec-2021 10:24:22] ERROR: Another FPM instance seems to already listen on /home/user/.config/Local/run/1khi9DRda/php/php-fpm.socket
[02-Dec-2021 10:24:22] ERROR: FPM initialization failed
[02-Dec-2021 10:24:23] ERROR: Another FPM instance seems to already listen on /home/user/.config/Local/run/1khi9DRda/php/php-fpm.socket
[02-Dec-2021 10:24:23] ERROR: FPM initialization failed
[06-Dec-2021 07:55:50] ERROR: Another FPM instance seems to already listen on /home/user/.config/Local/run/1khi9DRda/php/php-fpm.socket
[06-Dec-2021 07:55:50] ERROR: FPM initialization failed
[06-Dec-2021 07:55:50] ERROR: Another FPM instance seems to already listen on /home/user/.config/Local/run/1khi9DRda/php/php-fpm.socket
[06-Dec-2021 07:55:50] ERROR: FPM initialization failed
[06-Dec-2021 07:55:51] ERROR: Another FPM instance seems to already listen on /home/user/.config/Local/run/1khi9DRda/php/php-fpm.socket
[06-Dec-2021 07:55:51] ERROR: FPM initialization failed
[06-Dec-2021 07:55:51] ERROR: Another FPM instance seems to already listen on /home/user/.config/Local/run/1khi9DRda/php/php-fpm.socket
[06-Dec-2021 07:55:51] ERROR: FPM initialization failed
[07-Dec-2021 07:42:43] ERROR: Another FPM instance seems to already listen on /home/user/.config/Local/run/1khi9DRda/php/php-fpm.socket
[07-Dec-2021 07:42:43] ERROR: FPM initialization failed
[07-Dec-2021 07:42:44] ERROR: Another FPM instance seems to already listen on /home/user/.config/Local/run/1khi9DRda/php/php-fpm.socket
[07-Dec-2021 07:42:44] ERROR: FPM initialization failed
[07-Dec-2021 07:42:44] ERROR: Another FPM instance seems to already listen on /home/user/.config/Local/run/1khi9DRda/php/php-fpm.socket
[07-Dec-2021 07:42:44] ERROR: FPM initialization failed
[07-Dec-2021 07:42:45] ERROR: Another FPM instance seems to already listen on /home/user/.config/Local/run/1khi9DRda/php/php-fpm.socket
[07-Dec-2021 07:42:45] ERROR: FPM initialization failed
